<?xml version="1.0" encoding="UTF-8"?>
<!-- Generated by org.testng.reporters.JUnitReportReporter -->
<testsuite hostname="OMiDi" failures="0" tests="1" name="Tests.baseClass" time="6.400" errors="0" timestamp="2022-01-27T22:00:02 IRST" skipped="0">
  <testcase classname="Tests.baseClass" name="test" time="6.400"/>
  <system-out/>
</testsuite> <!-- Tests.baseClass -->
