<?xml version="1.0" encoding="UTF-8"?>
<!-- Generated by org.testng.reporters.JUnitReportReporter -->
<testsuite hostname="OMiDi" failures="0" tests="1" name="com.qa.rest.test.PostCall" time="4.802" errors="0" timestamp="2022-04-02T20:46:47 IRDT" skipped="0">
  <testcase classname="com.qa.rest.test.PostCall" name="bdd" time="4.802"/>
  <system-out/>
</testsuite> <!-- com.qa.rest.test.PostCall -->
