<?xml version="1.0" encoding="UTF-8"?>
<!-- Generated by org.testng.reporters.JUnitReportReporter -->
<testsuite hostname="OMiDi" failures="0" tests="2" name="com.qa.rest.test.PostANDPut" time="5.419" errors="0" timestamp="2022-04-02T21:04:52 IRDT" skipped="0">
  <testcase classname="com.qa.rest.test.PostANDPut" name="POSTCall" time="4.582"/>
  <system-out/>
  <testcase classname="com.qa.rest.test.PostANDPut" name="PUTCall" time="0.837"/>
  <system-out/>
</testsuite> <!-- com.qa.rest.test.PostANDPut -->
