<?xml version="1.0" encoding="UTF-8"?>
<!-- Generated by org.testng.reporters.JUnitReportReporter -->
<testsuite hostname="OMiDi" failures="0" tests="1" name="com.qa.rest.test.GetCall" time="4.896" errors="0" timestamp="2022-04-02T19:49:18 IRDT" skipped="0">
  <testcase classname="com.qa.rest.test.GetCall" name="test_numberOfCircuits2017" time="4.896"/>
  <system-out/>
</testsuite> <!-- com.qa.rest.test.GetCall -->
